-0.000  0.000 -0.000   0.076  0.084 -0.976  -0.307  0.101  0.803   0.011  0.013 -0.034
 0.063  0.104 -1.367   0.080  0.084 -0.976  -0.307  0.101  0.803   0.020  0.023  0.013
 0.166  0.192 -2.819   0.088  0.088 -0.988  -0.318  0.121  0.803   0.046  0.001  0.060
 0.257  0.253 -4.232   0.076  0.076 -0.976  -0.318  0.121  0.803   0.039 -0.008  0.071
 0.355  0.369 -5.762   0.100  0.076 -0.984  -0.318  0.121  0.803   0.023  0.029  0.067
 0.519  0.490 -7.473   0.120  0.096 -0.988  -0.310  0.124  0.803   0.063  0.007  0.091
 0.671  0.509 -9.134   0.116  0.084 -0.984  -0.310  0.124  0.803   0.066 -0.060  0.064
 0.777  0.475 -10.823   0.088  0.056 -0.992  -0.310  0.124  0.803   0.041 -0.067 -0.001
 0.833  0.470 -12.481   0.084  0.048 -0.988  -0.310  0.124  0.803  -0.002 -0.042 -0.036
 0.884  0.493 -14.202   0.080  0.052 -0.984  -0.305  0.124  0.812  -0.008 -0.022 -0.028
 0.978  0.541 -15.974   0.080  0.056 -0.980  -0.305  0.124  0.812   0.022  0.003 -0.019
 1.086  0.658 -17.758   0.072  0.060 -0.972  -0.305  0.124  0.812   0.020  0.065  0.008
 1.205  0.829 -19.540   0.088  0.060 -0.972  -0.320  0.130  0.805  -0.004  0.107  0.058
 1.360  1.002 -21.395   0.112  0.060 -0.972  -0.320  0.130  0.805  -0.005  0.105  0.075
 1.513  1.125 -23.321   0.124  0.072 -0.972  -0.320  0.130  0.805  -0.003  0.044  0.091
 1.664  1.188 -25.291   0.120  0.056 -0.972  -0.313  0.116  0.803  -0.002  0.016  0.104
 1.805  1.201 -27.284   0.116  0.048 -0.980  -0.313  0.116  0.803   0.004 -0.010  0.090
 1.924  1.197 -29.280   0.128  0.056 -0.972  -0.313  0.116  0.803  -0.011 -0.047  0.075
 2.047  1.152 -31.307   0.132  0.056 -0.980  -0.313  0.116  0.803   0.003 -0.076  0.079
 2.163  1.140 -33.420   0.128  0.056 -0.972  -0.310  0.136  0.806  -0.013 -0.058  0.068
 2.237  1.128 -35.517   0.104  0.044 -0.976  -0.310  0.136  0.806  -0.032 -0.042  0.060
 2.285  1.110 -37.648   0.088  0.056 -0.984  -0.310  0.136  0.806  -0.025 -0.059  0.051
 2.258  1.056 -39.753   0.068  0.068 -0.968  -0.320  0.124  0.805  -0.031 -0.120  0.064
 2.223  1.012 -41.865   0.056  0.076 -0.964  -0.320  0.124  0.805  -0.021 -0.120  0.079
 2.239  1.013 -44.020   0.060  0.064 -0.980  -0.320  0.124  0.805  -0.026 -0.053  0.051
 2.280  1.044 -46.201   0.060  0.056 -0.980  -0.297  0.113  0.808  -0.036 -0.012  0.042
 2.352  1.096 -48.542   0.060  0.068 -0.976  -0.297  0.113  0.808  -0.022  0.002  0.027
 2.432  1.125 -50.869   0.060  0.072 -0.976  -0.297  0.113  0.808  -0.003 -0.010  0.052
 2.509  1.148 -53.040   0.060  0.060 -0.976  -0.297  0.110  0.812  -0.015  0.002  0.093
 2.580  1.194 -55.204   0.052  0.072 -0.980  -0.297  0.110  0.812  -0.018  0.005  0.108
 2.665  1.260 -57.441   0.048  0.080 -0.976  -0.297  0.110  0.812  -0.015  0.021  0.048
 2.790  1.318 -59.730   0.048  0.068 -0.976  -0.297  0.110  0.812  -0.010  0.058  0.003
 2.992  1.452 -62.055   0.060  0.088 -0.984  -0.310  0.121  0.808  -0.026  0.120 -0.039
 3.156  1.577 -64.345   0.064  0.088 -0.992  -0.310  0.121  0.808  -0.049  0.084 -0.021
 3.256  1.674 -66.538   0.064  0.092 -0.996  -0.310  0.121  0.808  -0.054  0.021  0.046
 3.368  1.701 -68.661   0.076  0.096 -0.988  -0.310  0.121  0.810  -0.003 -0.014  0.075
 3.513  1.715 -70.755   0.092  0.104 -0.996  -0.310  0.121  0.810   0.015 -0.016  0.053
 3.671  1.697 -72.874   0.084  0.092 -0.996  -0.310  0.121  0.810   0.028  0.011  0.032
 3.846  1.629 -75.005   0.092  0.084 -0.996  -0.310  0.113  0.812   0.048  0.013  0.013
 3.988  1.517 -77.129   0.088  0.076 -0.992  -0.310  0.113  0.812   0.066 -0.005  0.009
 4.142  1.374 -79.244   0.088  0.064 -0.996  -0.310  0.113  0.812   0.073  0.017  0.009
 4.332  1.235 -81.270   0.096  0.064 -0.992  -0.310  0.113  0.812   0.069  0.046  0.046
 4.529  1.054 -83.217   0.112  0.048 -0.976  -0.323  0.121  0.805   0.064  0.044  0.090
 4.665  0.897 -85.042   0.108  0.052 -0.968  -0.323  0.121  0.805   0.046  0.005  0.159
 4.773  0.739 -86.808   0.108  0.048 -0.968  -0.323  0.121  0.805   0.037 -0.009  0.189
 4.869  0.644 -88.501   0.096  0.060 -0.984  -0.302  0.127  0.808   0.022  0.003  0.154
 4.930  0.592 -90.201   0.092  0.060 -0.984  -0.302  0.127  0.808  -0.015 -0.016  0.121
 4.901  0.581 -91.925   0.088  0.064 -0.984  -0.302  0.127  0.808  -0.040 -0.089  0.062
 4.858  0.613 -93.731   0.072  0.072 -0.976  -0.302  0.118  0.805  -0.053 -0.088 -0.006
 4.863  0.639 -95.493   0.084  0.076 -0.980  -0.310  0.118  0.805  -0.051 -0.070 -0.023
 4.894  0.675 -97.183   0.084  0.084 -0.976  -0.310  0.118  0.805  -0.044 -0.056 -0.025
 4.881  0.719 -98.818   0.068  0.088 -0.980  -0.310  0.118  0.805  -0.032 -0.073  0.009
 4.850  0.732 -100.382   0.060  0.076 -0.972  -0.305  0.124  0.808  -0.019 -0.066  0.045
 4.821  0.716 -101.917   0.060  0.068 -0.988  -0.305  0.124  0.808  -0.010 -0.054  0.060
 4.841  0.666 -103.396   0.068  0.064 -0.988  -0.305  0.124  0.808  -0.002 -0.019  0.065
 4.893  0.626 -104.794   0.064  0.076 -0.988  -0.292  0.110  0.814   0.009  0.008  0.086
 4.922  0.578 -106.136   0.064  0.084 -0.988  -0.292  0.110  0.814   0.037 -0.010  0.071
 4.942  0.531 -107.494   0.056  0.080 -0.988  -0.292  0.110  0.814   0.034 -0.000  0.054
 4.966  0.466 -108.890   0.048  0.068 -0.980  -0.305  0.116  0.816   0.026  0.025  0.053
 5.016  0.383 -110.248   0.056  0.064 -0.984  -0.305  0.116  0.816   0.023  0.044  0.045
 5.090  0.303 -111.554   0.060  0.064 -0.984  -0.305  0.116  0.816   0.009  0.060  0.042
 5.187  0.207 -112.782   0.072  0.064 -0.992  -0.305  0.116  0.816   0.009  0.068  0.045
 5.275  0.136 -113.908   0.072  0.068 -0.996  -0.307  0.121  0.803  -0.000  0.057  0.074
 5.327  0.089 -114.985   0.068  0.072 -0.992  -0.307  0.121  0.803   0.003  0.029  0.078
 5.378  0.030 -116.037   0.076  0.068 -0.992  -0.307  0.121  0.803   0.001  0.023  0.059
 5.429  0.006 -116.972   0.084  0.072 -0.988  -0.289  0.118  0.808  -0.014 -0.000  0.031
 5.453 -0.012 -117.868   0.092  0.076 -0.988  -0.289  0.118  0.808  -0.000 -0.037 -0.009
 5.476 -0.034 -118.743   0.088  0.076 -0.984  -0.289  0.118  0.808   0.004 -0.028 -0.008
 5.489 -0.020 -119.582   0.076  0.084 -0.984  -0.289  0.118  0.808   0.001 -0.031  0.007
 5.498  0.005 -120.404   0.076  0.080 -0.988  -0.302  0.124  0.814  -0.018 -0.038  0.030
 5.508  0.022 -121.191   0.080  0.080 -0.988  -0.302  0.124  0.814  -0.014 -0.042  0.020
 5.516  0.014 -122.009   0.072  0.068 -0.980  -0.302  0.124  0.814  -0.019 -0.019  0.036
 5.531 -0.009 -122.909   0.072  0.068 -0.980  -0.300  0.101  0.812  -0.020 -0.012  0.047
 5.515 -0.008 -123.814   0.068  0.068 -0.984  -0.300  0.101  0.812  -0.024 -0.038  0.027
 5.489  0.001 -124.752   0.064  0.064 -0.976  -0.300  0.101  0.812  -0.030 -0.044 -0.004
 5.462  0.032 -125.589   0.056  0.068 -0.980  -0.287  0.104  0.810  -0.030 -0.038  0.003
 5.462  0.077 -126.315   0.064  0.068 -0.972  -0.287  0.104  0.810  -0.054 -0.043  0.043
 5.446  0.135 -126.985   0.060  0.076 -0.972  -0.287  0.104  0.810  -0.036 -0.056  0.047
 5.435  0.168 -127.647   0.056  0.076 -0.972  -0.287  0.104  0.810  -0.021 -0.034  0.045
 5.425  0.170 -128.203   0.060  0.080 -0.952  -0.289  0.107  0.821   0.013 -0.026  0.060
 5.392  0.138 -128.805   0.056  0.048 -0.932  -0.289  0.107  0.821  -0.024 -0.020  0.152
 5.540 -0.252 -129.188   0.032  0.028 -0.936  -0.289  0.107  0.821   0.080  0.349  0.492
 6.394 -0.678 -128.519   0.016  0.016 -0.932  -0.300  0.121  0.808  -0.296  0.897  1.436
 7.541 -0.969 -126.411   0.024  0.024 -0.916  -0.300  0.121  0.808  -0.522  1.044  2.648
 8.796 -1.118 -123.156   0.044  0.060 -0.928  -0.300  0.121  0.808  -0.573  1.063  3.503
 9.956 -1.119 -118.433   0.092  0.076 -0.948  -0.326  0.153  0.799  -0.558  0.915  4.637
11.049 -0.695 -112.525   0.128  0.072 -0.948  -0.326  0.153  0.799  -0.812  0.717  5.718
11.981  0.198 -105.847   0.160  0.056 -0.956  -0.326  0.153  0.799  -1.138  0.503  6.532
12.469  1.668 -98.144   0.196  0.040 -0.976  -0.326  0.153  0.799  -1.553  0.112  7.572
12.156  3.824 -88.243   0.244  0.056 -0.992  -0.225  0.231  0.814  -1.857 -0.433  8.556
10.794  5.963 -77.442   0.272  0.076 -1.004  -0.225  0.231  0.814  -2.009 -1.055  9.471
 8.445  7.842 -65.630   0.268  0.092 -1.008  -0.225  0.231  0.814  -2.169 -1.493 10.130
 4.887  9.193 -51.075   0.248  0.112 -1.008   0.093  0.171  0.848  -2.255 -1.944 10.956
 1.187  9.333 -36.926   0.216  0.140 -1.020   0.093  0.171  0.848  -2.244 -2.209 11.761
-2.223  8.416 -22.827   0.160  0.168 -1.012   0.093  0.171  0.848  -2.094 -2.271 12.493
-5.336  6.351 -5.621   0.100  0.184 -1.020   0.403 -0.188  0.857  -1.831 -2.152 13.177
-7.240  3.873 10.585   0.052  0.196 -1.032   0.403 -0.188  0.857  -1.574 -1.962 13.780
-8.118  1.407 27.267   0.016  0.200 -1.028   0.403 -0.188  0.857  -1.223 -1.613 14.198
-8.092 -0.861 45.797  -0.012  0.188 -1.024   0.349 -0.624  0.833  -0.961 -1.232 14.667
-7.629 -2.659 64.141  -0.020  0.156 -1.020   0.349 -0.624  0.833  -0.919 -0.925 15.035
-7.024 -4.356 82.123  -0.004  0.096 -1.012   0.349 -0.624  0.833  -1.240 -0.717 15.282
-6.019 -6.035 99.629   0.028  0.080 -0.996   0.349 -0.624  0.833  -1.508 -0.738 15.470
-4.309 -7.360 117.256   0.060  0.100 -0.984  -0.093 -0.783  0.789  -1.574 -0.953 15.557
-1.927 -8.052 135.145   0.088  0.116 -0.980  -0.093 -0.783  0.789  -1.664 -1.274 15.592
 0.410 -7.566 152.578   0.080  0.152 -0.968  -0.093 -0.783  0.789  -1.332 -1.564 15.696
 2.378 -6.202 171.263   0.056  0.172 -0.956  -0.439 -0.462  0.791  -1.023 -1.540 15.868
 3.761 -4.557 -171.433   0.016  0.152 -0.956  -0.439 -0.462  0.791  -1.083 -1.402 16.079
 4.645 -2.748 -154.426  -0.004  0.148 -0.952  -0.439 -0.462  0.791  -1.101 -1.288 16.331
 5.024 -0.496 -134.643  -0.016  0.132 -0.964  -0.362  0.058  0.820  -1.198 -1.178 16.655
 5.016  1.760 -116.495  -0.012  0.092 -0.960  -0.362  0.058  0.820  -1.565 -1.077 16.830
 4.451  3.941 -98.755   0.004  0.104 -0.960  -0.362  0.058  0.820  -1.658 -1.068 16.904
 2.854  5.936 -77.463   0.004  0.128 -0.956   0.075  0.199  0.852  -1.601 -1.088 17.024
 0.850  6.716 -56.827   0.000  0.180 -0.972   0.075  0.199  0.852  -1.076 -1.156 17.184
-0.580  6.606 -37.144  -0.052  0.124 -0.980   0.075  0.199  0.852  -0.693 -0.796 17.309
-1.994  6.564 -17.972  -0.032  0.096 -0.968   0.075  0.199  0.852  -1.033 -0.495 17.321
-3.676  6.057  2.832  -0.008  0.076 -0.996   0.390 -0.127  0.868  -1.355 -0.375 17.293
-5.409  4.923 22.554   0.004  0.104 -0.996   0.390 -0.127  0.868  -1.617 -0.428 17.152
-6.651  3.221 41.148   0.004  0.112 -0.996   0.390 -0.127  0.868  -1.650 -0.535 16.919
-7.054  1.024 61.096  -0.060  0.148 -0.988   0.256 -0.601  0.846  -1.530 -0.522 16.735
-6.869 -0.632 79.928  -0.012  0.148 -0.988   0.256 -0.601  0.846  -1.116 -0.384 16.555
-6.400 -1.979 97.900  -0.028  0.152 -0.984   0.256 -0.601  0.846  -0.970 -0.208 16.380
-5.451 -3.170 116.993  -0.040  0.116 -1.004  -0.186 -0.630  0.812  -1.050 -0.148 16.301
-4.230 -4.255 135.345  -0.048  0.120 -1.000  -0.186 -0.630  0.812  -1.189 -0.000 16.235
-2.601 -4.961 152.754  -0.012  0.108 -0.996  -0.186 -0.630  0.812  -1.360 -0.161 16.060
-0.497 -5.138 169.173   0.036  0.072 -0.996  -0.186 -0.630  0.812  -1.774 -0.405 15.740
 1.907 -4.373 -173.394   0.068  0.104 -1.012  -0.434 -0.223  0.808  -1.927 -0.725 15.479
 3.567 -3.024 -156.749   0.032  0.152 -1.024  -0.434 -0.223  0.808  -1.519 -0.739 15.234
 3.983 -1.414 -140.940   0.044  0.208 -1.004  -0.434 -0.223  0.808  -0.796 -1.091 14.890
 3.713  0.419 -124.118   0.012  0.188 -1.016  -0.253  0.153  0.823  -0.731 -1.123 14.389
 3.092  1.733 -108.734  -0.040  0.208 -1.016  -0.253  0.153  0.823  -0.478 -0.864 13.784
 2.571  2.677 -93.999  -0.084  0.172 -1.016  -0.253  0.153  0.823  -0.444 -0.458 13.278
 2.014  3.523 -78.838  -0.092  0.156 -1.024   0.119  0.240  0.846  -0.583 -0.147 12.914
 1.518  4.140 -64.453  -0.084  0.168 -1.020   0.119  0.240  0.846  -0.433 -0.001 12.719
 0.991  4.669 -50.635  -0.060  0.124 -1.000   0.119  0.240  0.846  -0.503  0.041 12.578
 0.038  5.403 -37.304  -0.040  0.096 -1.004   0.119  0.240  0.846  -0.975  0.024 12.443
-1.154  5.920 -24.450  -0.020  0.132 -1.000   0.119  0.240  0.846  -1.025 -0.084 12.349
-2.295  6.098 -12.156  -0.020  0.152 -1.004   0.119  0.240  0.846  -0.898 -0.152 12.192
-3.313  6.004 -0.310  -0.016  0.156 -0.988   0.119  0.240  0.846  -0.804 -0.207 12.041
-4.166  5.203 14.265  -0.028  0.164 -0.980   0.403 -0.324  0.863  -0.592 -0.263 11.883
-4.769  4.247 28.178  -0.024  0.148 -0.992   0.403 -0.324  0.863  -0.583 -0.295 11.740
-5.271  3.120 41.466  -0.024  0.132 -0.984   0.403 -0.324  0.863  -0.737 -0.304 11.624
-5.494  1.798 55.590  -0.020  0.128 -0.984   0.230 -0.587  0.835  -0.785 -0.325 11.569
-5.481  0.261 69.110  -0.016  0.112 -0.976   0.230 -0.587  0.835  -1.007 -0.387 11.498
-5.117 -1.451 81.967  -0.004  0.124 -0.972   0.230 -0.587  0.835  -1.189 -0.508 11.432
-4.344 -3.022 94.187   0.008  0.140 -0.972   0.230 -0.587  0.835  -1.182 -0.634 11.343
-2.986 -4.451 107.075   0.016  0.152 -0.972  -0.047 -0.685  0.821  -1.239 -0.816 11.260
-1.235 -5.552 119.387   0.020  0.148 -0.968  -0.047 -0.685  0.821  -1.332 -0.975 11.149
 0.647 -6.118 131.165   0.016  0.168 -0.980  -0.047 -0.685  0.821  -1.207 -1.066 11.024
 2.642 -6.048 143.556  -0.024  0.176 -0.992  -0.279 -0.590  0.806  -1.069 -1.086 10.919
 4.339 -5.552 155.339  -0.024  0.200 -0.988  -0.279 -0.590  0.806  -0.870 -1.061 10.786
 5.559 -4.788 166.488  -0.028  0.196 -0.980  -0.279 -0.590  0.806  -0.637 -0.974 10.644
 6.377 -3.707 178.180  -0.040  0.176 -0.976  -0.377 -0.315  0.812  -0.457 -0.882 10.490
 6.864 -2.655 -170.780  -0.048  0.164 -0.992  -0.377 -0.315  0.812  -0.393 -0.785 10.374
 7.107 -1.726 -160.342  -0.040  0.156 -0.984  -0.377 -0.315  0.812  -0.338 -0.690 10.229
 7.236 -0.868 -150.469  -0.048  0.136 -0.992  -0.377 -0.315  0.812  -0.382 -0.609 10.064
 7.267  0.166 -139.784  -0.044  0.132 -0.992  -0.323 -0.023  0.829  -0.490 -0.560  9.915
 7.219  1.190 -129.596  -0.032  0.128 -0.980  -0.323 -0.023  0.829  -0.571 -0.552  9.821
 7.076  2.192 -119.924  -0.024  0.128 -0.972  -0.323 -0.023  0.829  -0.622 -0.543  9.652
 6.651  3.250 -109.151  -0.016  0.136 -0.980  -0.150  0.156  0.842  -0.605 -0.522  9.473
 6.070  4.192 -98.482  -0.012  0.140 -0.988  -0.150  0.156  0.842  -0.566 -0.500  9.267
 5.402  4.993 -88.326  -0.004  0.160 -1.004  -0.150  0.156  0.842  -0.528 -0.488  9.106
 4.476  5.581 -77.597  -0.012  0.156 -1.008   0.088  0.159  0.855  -0.455 -0.472  8.878
 3.524  5.947 -67.468  -0.004  0.140 -1.004   0.088  0.159  0.855  -0.428 -0.478  8.638
 2.518  6.218 -57.928  -0.004  0.136 -0.996   0.088  0.159  0.855  -0.495 -0.489  8.456
 1.461  6.377 -48.845   0.000  0.132 -1.004   0.088  0.159  0.855  -0.561 -0.518  8.338
 0.069  6.344 -38.066   0.000  0.132 -1.008   0.274  0.043  0.863  -0.666 -0.571  8.213
-1.300  6.101 -28.314   0.012  0.136 -1.004   0.274  0.043  0.863  -0.732 -0.649  8.104
-2.664  5.582 -18.621   0.024  0.148 -0.996   0.274  0.043  0.863  -0.715 -0.736  8.022
-3.912  4.643 -8.082   0.016  0.152 -0.988   0.406 -0.159  0.863  -0.644 -0.798  7.947
-4.822  3.495  1.914   0.016  0.148 -0.988   0.406 -0.159  0.863  -0.549 -0.842  7.861
-5.413  2.335 10.902   0.016  0.156 -0.984   0.406 -0.159  0.863  -0.476 -0.852  7.798
-5.745  1.015 20.586   0.004  0.152 -0.984   0.429 -0.405  0.842  -0.439 -0.844  7.750
-5.822 -0.258 29.868   0.004  0.144 -0.980   0.429 -0.405  0.842  -0.410 -0.836  7.705
-5.732 -1.442 38.735   0.008  0.136 -0.984   0.429 -0.405  0.842  -0.422 -0.810  7.641
-5.503 -2.684 48.007   0.008  0.136 -0.972   0.351 -0.613  0.831  -0.499 -0.799  7.590
-5.134 -3.876 56.917   0.004  0.128 -0.976   0.351 -0.613  0.831  -0.564 -0.794  7.553
-4.691 -5.019 65.409   0.008  0.132 -0.996   0.351 -0.613  0.831  -0.639 -0.772  7.496
-4.133 -6.042 73.502   0.008  0.140 -0.988   0.351 -0.613  0.831  -0.624 -0.761  7.436
-3.355 -6.902 81.952   0.004  0.136 -0.988   0.199 -0.772  0.805  -0.561 -0.754  7.347
-2.478 -7.526 89.987   0.008  0.132 -0.976   0.199 -0.772  0.805  -0.485 -0.776  7.260
-1.572 -7.959 97.556   0.008  0.136 -0.944   0.199 -0.772  0.805  -0.422 -0.774  7.117
-0.462 -8.153 105.430  -0.004  0.132 -0.936   0.003 -0.798  0.793  -0.351 -0.846  7.014
 0.623 -8.255 112.957  -0.016  0.132 -0.956   0.003 -0.798  0.793  -0.396 -0.803  6.946
 1.459 -8.473 120.043  -0.024  0.128 -0.976   0.003 -0.798  0.793  -0.514 -0.524  6.818
 2.139 -8.675 127.380  -0.012  0.132 -0.988  -0.196 -0.763  0.788  -0.498 -0.323  6.755
 2.678 -8.766 134.297   0.016  0.144 -0.980  -0.196 -0.763  0.788  -0.388 -0.317  6.697
 3.174 -8.672 141.198   0.020  0.136 -0.984  -0.196 -0.763  0.788  -0.303 -0.367  6.633
 3.547 -8.375 147.471   0.024  0.124 -0.992  -0.196 -0.763  0.788  -0.198 -0.446  6.602
 3.977 -7.966 154.459   0.040  0.112 -0.988  -0.372 -0.604  0.776  -0.231 -0.473  6.564
 4.456 -7.612 161.114   0.056  0.104 -0.996  -0.372 -0.604  0.776  -0.369 -0.469  6.537
 5.028 -7.254 167.276   0.052  0.108 -0.996  -0.372 -0.604  0.776  -0.501 -0.489  6.549
 5.718 -6.757 173.986   0.052  0.128 -1.000  -0.455 -0.399  0.786  -0.553 -0.518  6.553
 6.287 -6.247 -179.560   0.060  0.124 -1.008  -0.455 -0.399  0.786  -0.536 -0.497  6.576
 6.764 -5.736 -173.279   0.072  0.132 -1.004  -0.455 -0.399  0.786  -0.510 -0.493  6.624
 7.212 -5.060 -166.345   0.080  0.112 -1.000  -0.465 -0.179  0.797  -0.539 -0.518  6.661
 7.586 -4.276 -159.579   0.076  0.124 -0.992  -0.465 -0.179  0.797  -0.548 -0.577  6.702
 7.824 -3.457 -153.066   0.072  0.120 -0.992  -0.465 -0.179  0.797  -0.534 -0.605  6.712
 7.944 -2.612 -146.747   0.064  0.124 -0.988  -0.465 -0.179  0.797  -0.516 -0.628  6.721
 7.968 -1.576 -139.611   0.048  0.136 -0.984  -0.382  0.017  0.808  -0.504 -0.632  6.672
 7.884 -0.626 -132.790   0.064  0.132 -0.984  -0.382  0.017  0.808  -0.493 -0.634  6.626
 7.688  0.296 -126.002   0.064  0.132 -0.980  -0.382  0.017  0.808  -0.474 -0.627  6.531
 7.349  1.272 -118.576   0.064  0.124 -0.984  -0.225  0.147  0.829  -0.474 -0.620  6.438
 6.937  2.238 -111.546   0.068  0.124 -0.976  -0.225  0.147  0.829  -0.538 -0.637  6.319
 6.423  3.239 -104.938   0.068  0.120 -0.968  -0.225  0.147  0.829  -0.643 -0.688  6.186
 5.658  4.361 -97.182   0.076  0.124 -0.976  -0.041  0.191  0.844  -0.696 -0.743  6.088
 4.726  5.363 -89.812   0.076  0.128 -0.972  -0.041  0.191  0.844  -0.708 -0.799  5.986
 3.602  6.207 -82.596   0.060  0.132 -0.968  -0.041  0.191  0.844  -0.675 -0.835  5.867
 2.494  6.745 -76.122   0.056  0.136 -0.968  -0.041  0.191  0.844  -0.575 -0.848  5.773
 1.199  7.117 -68.959   0.044  0.136 -0.976   0.150  0.142  0.857  -0.538 -0.835  5.385
-0.008  7.238 -61.806   0.044  0.124 -0.976   0.150  0.142  0.857  -0.467 -0.805  5.575
-1.112  7.145 -55.155   0.028  0.124 -0.980   0.150  0.142  0.857  -0.393 -0.769  5.457
-2.202  6.895 -47.711   0.028  0.128 -0.976   0.305  0.032  0.859  -0.344 -0.699  5.348
-3.162  6.499 -40.680   0.012  0.128 -0.976   0.305  0.032  0.859  -0.301 -0.655  5.261
-3.948  6.035 -33.996   0.012  0.112 -0.980   0.305  0.032  0.859  -0.281 -0.590  5.134
-4.657  5.467 -26.966   0.016  0.112 -0.980   0.413 -0.087  0.857  -0.248 -0.557  5.010
-5.290  4.842 -20.052   0.020  0.116 -0.972   0.413 -0.087  0.857  -0.239 -0.535  4.864
-5.791  4.191 -13.926   0.016  0.116 -0.972   0.413 -0.087  0.857  -0.225 -0.538  4.698
-6.253  3.476 -7.560   0.016  0.112 -0.956   0.470 -0.228  0.835  -0.247 -0.521  4.570
-6.696  2.754 -1.590   0.008  0.112 -1.020   0.470 -0.228  0.835  -0.327 -0.497  4.400
-7.125  2.056  3.951   0.012  0.108 -0.972   0.470 -0.228  0.835  -0.385 -0.471  4.231
-7.482  1.364  9.061   0.004  0.116 -0.972   0.470 -0.228  0.835  -0.374 -0.439  4.069
-7.718  0.687 14.418   0.004  0.128 -0.976   0.460 -0.387  0.842  -0.295 -0.367  3.948
-7.790  0.143 19.398   0.000  0.132 -0.984   0.460 -0.387  0.842  -0.174 -0.275  3.800
-7.758 -0.258 24.001   0.000  0.132 -0.992   0.460 -0.387  0.842  -0.085 -0.192  3.638
-7.671 -0.605 28.667   0.000  0.124 -0.992   0.442 -0.488  0.838  -0.054 -0.133  3.509
-7.599 -0.878 32.949   0.000  0.120 -0.992   0.442 -0.488  0.838  -0.060 -0.077  3.321
-7.542 -1.123 37.007   0.008  0.116 -1.000   0.442 -0.488  0.838  -0.077 -0.060  3.106
-7.501 -1.383 40.788   0.016  0.124 -1.000   0.380 -0.566  0.823  -0.085 -0.054  2.879
-7.463 -1.627 44.094   0.024  0.128 -0.996   0.380 -0.566  0.823  -0.081 -0.060  2.616
-7.394 -1.850 47.015   0.032  0.120 -0.988   0.380 -0.566  0.823  -0.074 -0.084  2.396
-7.291 -2.079 49.514   0.032  0.108 -0.984   0.380 -0.566  0.823  -0.090 -0.111  2.107
-7.191 -2.379 51.774   0.040  0.112 -0.984   0.326 -0.607  0.825  -0.131 -0.148  1.794
-7.077 -2.682 53.683   0.040  0.104 -0.980   0.326 -0.607  0.825  -0.152 -0.163  1.553
-6.949 -2.996 55.174   0.036  0.100 -0.976   0.326 -0.607  0.825  -0.173 -0.174  1.239
-6.809 -3.315 56.339   0.036  0.104 -0.988   0.313 -0.647  0.825  -0.170 -0.179  0.908
-6.653 -3.587 57.087   0.040  0.108 -0.988   0.313 -0.647  0.825  -0.131 -0.185  0.598
-6.476 -3.824 57.433   0.028  0.124 -0.992   0.313 -0.647  0.825  -0.071 -0.168  0.269
-6.271 -3.975 57.498   0.028  0.124 -0.988   0.326 -0.662  0.814   0.001 -0.158  0.042
-6.044 -4.043 57.216   0.020  0.124 -0.992   0.326 -0.662  0.814   0.072 -0.126 -0.278
-5.849 -4.048 56.601   0.024  0.128 -0.984   0.326 -0.662  0.814   0.116 -0.089 -0.561
-5.628 -4.019 55.825   0.012  0.120 -0.984   0.326 -0.662  0.814   0.143 -0.069 -0.762
-5.455 -3.969 54.693   0.012  0.132 -0.992   0.336 -0.647  0.821   0.161 -0.034 -1.029
-5.313 -3.858 53.331   0.016  0.124 -0.988   0.336 -0.647  0.821   0.180  0.010 -1.270
-5.210 -3.750 51.815   0.012  0.140 -0.988   0.336 -0.647  0.821   0.195  0.044 -1.434
-5.123 -3.526 49.931   0.016  0.120 -0.980   0.382 -0.610  0.821   0.228  0.094 -1.645
-5.042 -3.308 47.958   0.000  0.120 -0.980   0.382 -0.610  0.821   0.226  0.140 -1.820
-5.005 -3.057 45.871   0.000  0.124 -0.980   0.382 -0.610  0.821   0.232  0.198 -1.979
-4.985 -2.786 43.737   0.000  0.116 -0.976   0.382 -0.610  0.821   0.221  0.233 -2.105
-5.046 -2.474 41.319   0.008  0.120 -0.976   0.403 -0.540  0.825   0.199  0.282 -2.206
-5.133 -2.167 38.880   0.008  0.124 -0.968   0.403 -0.540  0.825   0.183  0.308 -2.298
-5.261 -1.877 36.332   0.016  0.140 -0.976   0.403 -0.540  0.825   0.168  0.315 -2.428
-5.365 -1.531 33.565   0.024  0.128 -0.980   0.419 -0.474  0.836   0.174  0.319 -2.519
-5.450 -1.192 30.757   0.024  0.132 -0.972   0.419 -0.474  0.836   0.184  0.322 -2.637
-5.519 -0.870 27.904   0.032  0.136 -0.976   0.419 -0.474  0.836   0.185  0.302 -2.753
-5.540 -0.551 24.744   0.020  0.128 -0.996   0.442 -0.390  0.848   0.182  0.294 -2.873
-5.543 -0.253 21.587   0.024  0.128 -0.980   0.442 -0.390  0.848   0.182  0.278 -2.968
-5.494  0.001 18.443   0.020  0.124 -0.976   0.442 -0.390  0.848   0.194  0.253 -3.082
-5.412  0.255 15.303   0.024  0.120 -0.972   0.442 -0.390  0.848   0.208  0.251 -3.189
-5.305  0.499 11.840   0.016  0.124 -0.972   0.447 -0.303  0.835   0.219  0.239 -3.287
-5.175  0.738  8.441   0.012  0.124 -0.980   0.447 -0.303  0.835   0.230  0.259 -3.358
-5.010  0.974  5.086   0.008  0.124 -0.984   0.447 -0.303  0.835   0.250  0.277 -3.440
-4.819  1.257  1.273   0.004  0.120 -0.992   0.432 -0.188  0.853   0.252  0.300 -3.528
-4.620  1.539 -2.458   0.004  0.124 -0.988   0.432 -0.188  0.853   0.257  0.320 -3.569
-4.411  1.881 -6.128   0.020  0.120 -0.984   0.432 -0.188  0.853   0.248  0.364 -3.648
-4.150  2.292 -10.263   0.028  0.120 -0.984   0.401 -0.081  0.857   0.260  0.391 -3.710
-3.826  2.663 -14.272   0.016  0.120 -0.992   0.401 -0.081  0.857   0.296  0.423 -3.738
-3.464  3.027 -18.137   0.024  0.116 -0.988   0.401 -0.081  0.857   0.305  0.441 -3.762
-3.095  3.367 -21.939   0.024  0.128 -0.988   0.401 -0.081  0.857   0.322  0.453 -3.789
-2.667  3.750 -26.306   0.028  0.128 -0.996   0.315  0.026  0.853   0.316  0.471 -3.803
-2.233  4.083 -30.449   0.032  0.120 -0.996   0.315  0.026  0.853   0.300  0.468 -3.797
-1.804  4.364 -34.440   0.028  0.120 -0.992   0.315  0.026  0.853   0.295  0.467 -3.795
-1.285  4.664 -39.150   0.040  0.112 -0.988   0.220  0.101  0.857   0.278  0.457 -3.767
-0.811  4.892 -43.430   0.040  0.116 -0.988   0.220  0.101  0.857   0.276  0.442 -3.733
-0.367  5.068 -47.477   0.040  0.112 -0.988   0.220  0.101  0.857   0.259  0.425 -3.694
 0.101  5.209 -52.219   0.028  0.124 -0.984   0.119  0.150  0.850   0.259  0.398 -3.641
 0.545  5.283 -56.645   0.040  0.120 -0.988   0.119  0.150  0.850   0.261  0.364 -3.599
 0.960  5.308 -60.781   0.044  0.120 -0.980   0.119  0.150  0.850   0.266  0.342 -3.518
 1.353  5.278 -64.637   0.048  0.116 -0.988   0.119  0.150  0.850   0.274  0.326 -3.451
 1.772  5.200 -68.757   0.040  0.116 -0.980   0.018  0.165  0.848   0.270  0.300 -3.071
 2.144  5.064 -72.937   0.044  0.116 -0.984   0.018  0.165  0.848   0.288  0.270 -3.290
 2.484  4.917 -76.792   0.052  0.112 -0.984   0.018  0.165  0.848   0.273  0.258 -3.208
 2.847  4.714 -81.209   0.044  0.112 -0.972  -0.072  0.168  0.850   0.276  0.243 -3.121
 3.166  4.513 -85.392   0.044  0.112 -0.972  -0.072  0.168  0.850   0.257  0.234 -3.066
 3.442  4.298 -89.360   0.036  0.112 -0.972  -0.072  0.168  0.850   0.255  0.236 -2.972
 3.773  4.073 -93.729   0.040  0.116 -0.964  -0.163  0.162  0.838   0.228  0.243 -2.888
 4.053  3.808 -97.914   0.032  0.108 -0.976  -0.163  0.162  0.838   0.234  0.243 -2.806
 4.315  3.548 -101.843   0.036  0.108 -0.972  -0.163  0.162  0.838   0.219  0.248 -2.740
 4.553  3.301 -105.509   0.036  0.112 -0.972  -0.163  0.162  0.838   0.210  0.249 -2.652
 4.813  2.971 -109.707   0.044  0.112 -0.980  -0.225  0.107  0.829   0.217  0.232 -2.550
 5.040  2.674 -113.378   0.052  0.112 -0.972  -0.225  0.107  0.829   0.198  0.223 -2.438
 5.221  2.361 -116.808   0.052  0.108 -0.980  -0.225  0.107  0.829   0.205  0.215 -2.329
 5.376  2.028 -120.538   0.044  0.108 -0.980  -0.282  0.069  0.831   0.196  0.199 -2.254
 5.479  1.702 -123.989   0.048  0.108 -0.972  -0.282  0.069  0.831   0.206  0.172 -2.144
 5.531  1.373 -127.229   0.052  0.096 -0.980  -0.282  0.069  0.831   0.198  0.153 -2.025
 5.543  1.051 -130.669   0.044  0.100 -0.980  -0.339  0.029  0.821   0.200  0.122 -1.936
 5.545  0.770 -133.828   0.044  0.108 -0.980  -0.339  0.029  0.821   0.193  0.111 -1.827
 5.545  0.499 -136.722   0.056  0.112 -0.984  -0.339  0.029  0.821   0.190  0.100 -1.734
 5.519  0.268 -139.375   0.044  0.116 -0.984  -0.339  0.029  0.821   0.194  0.096 -1.610
 5.483  0.005 -142.146   0.048  0.112 -0.988  -0.357 -0.012  0.816   0.191  0.095 -1.536
 5.456 -0.250 -144.631   0.052  0.116 -0.988  -0.357 -0.012  0.816   0.188  0.102 -1.397
 5.400 -0.467 -146.964   0.044  0.108 -0.988  -0.357 -0.012  0.816   0.174  0.089 -1.298
 5.353 -0.704 -148.941   0.052  0.108 -0.988  -0.380 -0.043  0.818   0.162  0.087 -0.879
 5.302 -0.897 -151.064   0.048  0.108 -0.992  -0.380 -0.043  0.818   0.147  0.072 -1.064
 5.258 -1.050 -152.969   0.048  0.112 -0.992  -0.380 -0.043  0.818   0.134  0.055 -0.960
 5.217 -1.204 -154.832   0.048  0.112 -0.996  -0.395 -0.055  0.805   0.123  0.052 -0.827
 5.177 -1.332 -156.479   0.048  0.112 -1.000  -0.395 -0.055  0.805   0.113  0.041 -0.707
 5.109 -1.422 -157.881   0.044  0.104 -1.008  -0.395 -0.055  0.805   0.110  0.019 -0.575
 5.054 -1.487 -159.109   0.040  0.108 -1.004  -0.395 -0.055  0.805   0.103  0.016 -0.486
 5.024 -1.537 -160.267   0.044  0.116 -1.000  -0.390 -0.075  0.806   0.090 -0.004 -0.354
 5.010 -1.593 -161.221   0.052  0.116 -0.992  -0.390 -0.075  0.806   0.080 -0.009 -0.230
 4.969 -1.625 -162.040   0.052  0.104 -0.992  -0.390 -0.075  0.806   0.069 -0.033 -0.096
 4.969 -1.632 -162.647   0.048  0.112 -0.992  -0.403 -0.084  0.816   0.048 -0.036  0.036
 4.984 -1.617 -163.082   0.048  0.116 -0.988  -0.403 -0.084  0.816   0.041 -0.049  0.163
 5.011 -1.588 -163.348   0.048  0.120 -0.984  -0.403 -0.084  0.816   0.036 -0.059  0.258
 5.018 -1.551 -163.456   0.052  0.108 -0.976  -0.398 -0.072  0.810   0.028 -0.076  0.376
 5.029 -1.494 -163.434   0.052  0.104 -0.980  -0.398 -0.072  0.810   0.009 -0.093  0.505
 5.058 -1.404 -163.278   0.048  0.104 -0.984  -0.398 -0.072  0.810  -0.015 -0.110  0.626
 5.100 -1.290 -162.903   0.048  0.104 -0.984  -0.377 -0.055  0.808  -0.029 -0.120  0.720
 5.131 -1.154 -162.467   0.040  0.096 -0.980  -0.377 -0.055  0.808  -0.043 -0.131  0.826
 5.192 -1.041 -161.824   0.060  0.104 -0.976  -0.377 -0.055  0.808  -0.046 -0.142  0.942
 5.278 -0.913 -161.080   0.064  0.104 -0.980  -0.377 -0.055  0.808  -0.076 -0.157  1.048
 5.363 -0.742 -160.102   0.052  0.104 -0.984  -0.364 -0.038  0.823  -0.085 -0.158  1.158
 5.423 -0.609 -159.139   0.060  0.096 -0.984  -0.364 -0.038  0.823  -0.085 -0.161  1.252
 5.512 -0.454 -158.065   0.056  0.100 -0.984  -0.364 -0.038  0.823  -0.104 -0.159  1.320
 5.627 -0.224 -156.637   0.044  0.112 -0.984  -0.346 -0.006  0.812  -0.118 -0.164  1.404
 5.704 -0.020 -155.256   0.044  0.096 -0.988  -0.346 -0.006  0.812  -0.126 -0.164  1.493
 5.780  0.145 -153.897   0.056  0.096 -0.988  -0.346 -0.006  0.812  -0.127 -0.166  1.563
 5.858  0.356 -152.182   0.048  0.100 -0.976  -0.300  0.020  0.829  -0.130 -0.160  1.635
 5.929  0.592 -150.410   0.048  0.096 -0.972  -0.300  0.020  0.829  -0.146 -0.179  1.690
 5.994  0.833 -148.632   0.044  0.100 -0.980  -0.300  0.020  0.829  -0.147 -0.177  1.750
 6.066  1.123 -146.558   0.044  0.116 -0.980  -0.276  0.052  0.835  -0.146 -0.182  1.785
 6.143  1.403 -144.387   0.052  0.112 -0.976  -0.276  0.052  0.835  -0.157 -0.181  1.843
 6.200  1.675 -142.285   0.048  0.108 -0.976  -0.276  0.052  0.835  -0.162 -0.181  1.894
 6.229  1.948 -140.349   0.036  0.112 -0.984  -0.276  0.052  0.835  -0.159 -0.183  1.935
 6.234  2.249 -138.036   0.040  0.108 -0.984  -0.235  0.087  0.829  -0.164 -0.185  1.966
 6.203  2.532 -135.841   0.032  0.104 -0.996  -0.235  0.087  0.829  -0.159 -0.185  2.002
 6.168  2.784 -133.727   0.036  0.096 -0.980  -0.235  0.087  0.829  -0.163 -0.180  2.019
 6.134  3.084 -131.088   0.044  0.108 -0.980  -0.176  0.098  0.835  -0.162 -0.171  2.046
 6.088  3.368 -128.588   0.040  0.104 -0.980  -0.176  0.098  0.835  -0.169 -0.166  2.055
 6.025  3.661 -126.194   0.028  0.116 -0.980  -0.176  0.098  0.835  -0.158 -0.160  2.069
 5.909  3.965 -123.352   0.024  0.108 -0.984  -0.137  0.130  0.846  -0.151 -0.146  2.073
 5.805  4.249 -120.576   0.028  0.112 -0.988  -0.137  0.130  0.846  -0.149 -0.133  2.082
 5.720  4.504 -117.984   0.036  0.116 -0.984  -0.137  0.130  0.846  -0.146 -0.125  2.073
 5.577  4.774 -114.826   0.040  0.112 -0.988  -0.083  0.147  0.840  -0.129 -0.120  2.062
 5.425  5.014 -111.852   0.036  0.108 -0.984  -0.083  0.147  0.840  -0.129 -0.114  2.044
 5.282  5.223 -109.172   0.032  0.108 -0.980  -0.083  0.147  0.840  -0.127 -0.102  2.037
 5.105  5.394 -106.539   0.028  0.100 -0.988  -0.083  0.147  0.840  -0.114 -0.108  2.019
 4.908  5.568 -103.624   0.036  0.100 -0.988  -0.034  0.142  0.853  -0.105 -0.103  1.997
 4.682  5.736 -100.819   0.024  0.104 -0.980  -0.034  0.142  0.853  -0.099 -0.102  1.966
 4.455  5.902 -98.131   0.028  0.108 -0.980  -0.034  0.142  0.853  -0.099 -0.110  1.935
 4.198  6.085 -95.253   0.036  0.116 -0.980   0.010  0.147  0.857  -0.093 -0.121  1.899
 3.950  6.236 -92.486   0.040  0.116 -0.976   0.010  0.147  0.857  -0.079 -0.119  1.871
 3.710  6.352 -89.891   0.036  0.116 -0.980   0.010  0.147  0.857  -0.064 -0.109  1.842
 3.419  6.462 -86.987   0.036  0.112 -0.976   0.065  0.147  0.855  -0.059 -0.114  1.795
 3.133  6.548 -84.235   0.036  0.112 -0.976   0.065  0.147  0.855  -0.053 -0.116  1.757
 2.860  6.617 -81.675   0.032  0.116 -0.976   0.065  0.147  0.855  -0.044 -0.105  1.715
 2.593  6.656 -79.314   0.024  0.120 -0.976   0.065  0.147  0.855  -0.025 -0.099  1.684
 2.312  6.691 -76.737   0.028  0.116 -0.972   0.098  0.130  0.853  -0.027 -0.093  1.640
 2.040  6.714 -74.319   0.028  0.116 -0.976   0.098  0.130  0.853  -0.027 -0.093  1.586
 1.777  6.728 -72.080   0.024  0.120 -0.984   0.098  0.130  0.853  -0.024 -0.089  1.545
 1.484  6.716 -69.856   0.012  0.120 -0.992   0.132  0.139  0.857  -0.020 -0.089  1.487
 1.206  6.681 -67.747   0.016  0.112 -0.984   0.132  0.139  0.857  -0.019 -0.097  1.420
 0.947  6.631 -65.749   0.020  0.108 -0.980   0.132  0.139  0.857  -0.014 -0.100  1.363
 0.673  6.591 -63.460   0.028  0.108 -0.984   0.176  0.118  0.848  -0.020 -0.094  1.320
 0.402  6.549 -61.391   0.028  0.120 -0.996   0.176  0.118  0.848  -0.009 -0.100  1.245
 0.155  6.490 -59.433   0.032  0.112 -0.988   0.176  0.118  0.848  -0.005 -0.102  1.175
-0.074  6.400 -57.544   0.028  0.108 -0.988   0.176  0.118  0.848   0.009 -0.092  1.106
-0.318  6.288 -55.695   0.016  0.104 -0.984   0.199  0.101  0.861   0.006 -0.093  1.059
-0.545  6.175 -53.909   0.020  0.104 -0.984   0.199  0.101  0.861   0.011 -0.086  0.978
-0.750  6.094 -52.325   0.024  0.116 -0.980   0.199  0.101  0.861   0.018 -0.072  0.908
-0.934  6.027 -50.879   0.032  0.116 -0.980   0.222  0.110  0.855   0.015 -0.072  0.822
-1.121  5.941 -49.627   0.020  0.116 -0.984   0.222  0.110  0.855   0.017 -0.071  0.742
-1.273  5.846 -48.422   0.028  0.108 -0.992   0.222  0.110  0.855   0.024 -0.071  0.682
-1.441  5.753 -47.183   0.032  0.112 -1.000   0.243  0.092  0.852   0.022 -0.076  0.593
-1.593  5.654 -46.096   0.028  0.108 -0.984   0.243  0.092  0.852   0.026 -0.070  0.505
-1.752  5.571 -45.116   0.028  0.112 -0.980   0.243  0.092  0.852   0.018 -0.064  0.426
-1.887  5.491 -44.388   0.024  0.112 -0.984   0.243  0.104  0.852   0.022 -0.059  0.348
-2.014  5.400 -43.713   0.024  0.108 -0.984   0.251  0.104  0.865   0.023 -0.062  0.289
-2.141  5.302 -43.156   0.020  0.108 -0.984   0.251  0.104  0.865   0.025 -0.059  0.200
-2.253  5.230 -42.708   0.020  0.108 -0.984   0.251  0.104  0.865   0.018 -0.041  0.129
-2.347  5.160 -42.296   0.024  0.104 -0.980   0.264  0.107  0.861   0.020 -0.036  0.057
-2.407  5.082 -41.950   0.024  0.096 -0.984   0.264  0.107  0.861   0.029 -0.025 -0.017
-2.476  5.030 -41.785   0.020  0.108 -0.988   0.264  0.107  0.861   0.029 -0.015 -0.089
-2.575  5.029 -41.664   0.028  0.128 -0.976   0.269  0.090  0.846   0.024 -0.012 -0.168
-2.642  5.007 -41.500   0.028  0.108 -0.980   0.269  0.090  0.846   0.015 -0.004 -0.206
-2.697  4.958 -41.404   0.020  0.100 -0.980   0.269  0.090  0.846   0.020 -0.001 -0.271
-2.738  4.926 -41.443   0.024  0.096 -0.980   0.253  0.092  0.859   0.011  0.003 -0.343
-2.768  4.907 -41.550   0.028  0.100 -0.992   0.253  0.092  0.859   0.017  0.010 -0.403
-2.800  4.873 -41.728   0.020  0.100 -0.984   0.253  0.092  0.859   0.023  0.010 -0.441
-2.822  4.863 -41.950   0.024  0.100 -0.988   0.253  0.092  0.859   0.015  0.024 -0.499
-2.825  4.850 -42.352   0.020  0.096 -0.968   0.253  0.116  0.852   0.022  0.028 -0.549
-2.846  4.873 -42.811   0.024  0.108 -0.976   0.253  0.116  0.852   0.012  0.030 -0.582
-2.852  4.860 -43.271   0.020  0.100 -0.976   0.253  0.116  0.852   0.024  0.025 -0.618
-2.848  4.890 -43.879   0.028  0.112 -0.980   0.235  0.116  0.855   0.028  0.035 -0.674
-2.824  4.910 -44.441   0.028  0.100 -0.988   0.235  0.116  0.855   0.020  0.045 -0.704
-2.812  4.969 -45.017   0.040  0.112 -0.996   0.235  0.116  0.855   0.012  0.041 -0.730
-2.799  5.024 -45.780   0.032  0.116 -0.992   0.209  0.116  0.859   0.018  0.041 -0.768
-2.791  5.078 -46.591   0.028  0.120 -0.992   0.209  0.116  0.859   0.020  0.045 -0.807
-2.759  5.105 -47.308   0.032  0.104 -0.988   0.209  0.116  0.859   0.022  0.043 -0.828
-2.717  5.142 -48.019   0.032  0.104 -0.984   0.209  0.116  0.859   0.022  0.057 -0.845
-2.665  5.180 -48.956   0.032  0.104 -0.984   0.202  0.142  0.855   0.022  0.049 -0.878
-2.598  5.207 -49.832   0.032  0.096 -0.980   0.202  0.142  0.855   0.022  0.056 -0.888
-2.548  5.246 -50.675   0.032  0.100 -0.976   0.202  0.142  0.855   0.013  0.056 -0.910
-2.491  5.277 -51.649   0.024  0.100 -0.984   0.176  0.139  0.848   0.017  0.061 -0.917
-2.447  5.310 -52.621   0.024  0.108 -0.988   0.176  0.139  0.848   0.022  0.054 -0.922
-2.390  5.356 -53.592   0.020  0.108 -0.984   0.176  0.139  0.848   0.019  0.077 -0.934
-2.315  5.435 -54.748   0.024  0.116 -0.988   0.152  0.156  0.857   0.014  0.080 -0.929
-2.259  5.513 -55.843   0.028  0.116 -0.992   0.152  0.156  0.857   0.002  0.065 -0.937
-2.179  5.590 -56.853   0.032  0.112 -0.988   0.152  0.156  0.857   0.007  0.079 -0.928
-2.103  5.671 -57.818   0.036  0.116 -0.984   0.152  0.156  0.857   0.008  0.074 -0.928
-2.013  5.763 -58.934   0.036  0.120 -0.980   0.134  0.176  0.853   0.008  0.073 -0.918
-1.933  5.831 -60.009   0.028  0.112 -0.976   0.134  0.176  0.853   0.003  0.073 -0.905
-1.839  5.901 -60.942   0.044  0.108 -0.972   0.134  0.176  0.853   0.002  0.065 -0.902
-1.750  5.973 -62.088   0.028  0.116 -0.968   0.106  0.168  0.850   0.006  0.072 -0.888
-1.646  6.035 -63.101   0.036  0.108 -0.972   0.106  0.168  0.850   0.002  0.074 -0.873
-1.541  6.082 -64.045   0.036  0.104 -0.980   0.106  0.168  0.850   0.002  0.076 -0.860
-1.409  6.124 -65.172   0.036  0.104 -0.984   0.072  0.168  0.855   0.008  0.077 -0.835
-1.265  6.164 -66.164   0.044  0.100 -0.980   0.072  0.168  0.855   0.007  0.079 -0.811
-1.137  6.196 -67.117   0.040  0.100 -0.976   0.072  0.168  0.855   0.007  0.074 -0.789
-1.023  6.249 -68.100   0.032  0.112 -0.976   0.072  0.168  0.855   0.007  0.083 -0.775
-0.877  6.288 -69.161   0.036  0.104 -0.980   0.049  0.176  0.850   0.004  0.087 -0.737
-0.734  6.335 -70.130   0.040  0.108 -0.968   0.049  0.176  0.850   0.007  0.084 -0.711
-0.611  6.387 -71.062   0.036  0.112 -0.980   0.049  0.176  0.850  -0.000  0.080 -0.682
-0.473  6.436 -72.081   0.036  0.112 -0.972   0.028  0.168  0.848   0.002  0.082 -0.660
-0.346  6.466 -72.979   0.040  0.108 -0.976   0.028  0.168  0.848   0.004  0.068 -0.623
-0.235  6.498 -73.882   0.028  0.108 -0.988   0.028  0.168  0.848  -0.007  0.077 -0.582
-0.098  6.521 -74.875   0.032  0.108 -0.976   0.010  0.162  0.853   0.004  0.074 -0.548
 0.030  6.536 -75.666   0.040  0.104 -0.992   0.010  0.162  0.853  -0.003  0.068 -0.503
 0.150  6.560 -76.458   0.032  0.108 -0.988   0.010  0.162  0.853  -0.004  0.076 -0.475
 0.265  6.577 -77.144   0.036  0.108 -0.980   0.010  0.162  0.853   0.001  0.069 -0.437
 0.390  6.604 -77.916   0.036  0.108 -0.976  -0.008  0.168  0.848  -0.010  0.068 -0.392
 0.509  6.603 -78.639   0.032  0.096 -0.976  -0.008  0.168  0.848  -0.013  0.069 -0.356
 0.611  6.607 -79.342   0.024  0.100 -0.980  -0.008  0.168  0.848  -0.014  0.069 -0.309
 0.700  6.622 -80.061   0.012  0.104 -0.980  -0.008  0.162  0.848  -0.018  0.079 -0.267
 0.801  6.625 -80.609   0.024  0.104 -0.984  -0.008  0.162  0.848  -0.008  0.076 -0.222
 0.905  6.647 -81.069   0.028  0.108 -0.984  -0.008  0.162  0.848  -0.016  0.078 -0.189
 1.026  6.686 -81.667   0.028  0.112 -0.964  -0.031  0.153  0.852  -0.022  0.077 -0.146
 1.147  6.710 -82.164   0.032  0.112 -0.976  -0.031  0.153  0.852  -0.014  0.074 -0.103
 1.270  6.688 -82.577   0.036  0.096 -0.988  -0.031  0.153  0.852  -0.011  0.068 -0.056
 1.391  6.650 -82.879   0.040  0.092 -0.988  -0.031  0.153  0.852  -0.003  0.069 -0.019
 1.510  6.624 -83.225   0.040  0.096 -0.984  -0.041  0.159  0.848  -0.007  0.063  0.019
 1.615  6.614 -83.521   0.040  0.100 -0.980  -0.041  0.159  0.848  -0.014  0.052  0.059
 1.712  6.624 -83.785   0.036  0.108 -0.980  -0.041  0.159  0.848  -0.015  0.058  0.091
 1.798  6.646 -84.018   0.032  0.112 -0.976  -0.039  0.145  0.850  -0.018  0.060  0.118
 1.874  6.637 -84.177   0.036  0.108 -0.976  -0.039  0.145  0.850  -0.000  0.047  0.146
 1.951  6.624 -84.248   0.040  0.104 -0.988  -0.039  0.145  0.850  -0.007  0.046  0.192
 2.034  6.594 -84.358   0.040  0.100 -0.984  -0.047  0.145  0.850  -0.000  0.046  0.222
 2.110  6.595 -84.390   0.044  0.112 -0.984  -0.047  0.145  0.850  -0.003  0.039  0.255
 2.178  6.568 -84.356   0.048  0.104 -0.992  -0.047  0.145  0.850   0.004  0.029  0.285
 2.246  6.543 -84.282   0.048  0.104 -0.992  -0.047  0.145  0.850   0.003  0.032  0.322
 2.289  6.512 -84.106   0.044  0.100 -0.980  -0.036  0.156  0.846   0.006  0.025  0.350
 2.342  6.477 -83.919   0.044  0.100 -0.984  -0.036  0.156  0.846   0.011  0.035  0.368
 2.356  6.459 -83.796   0.032  0.108 -0.984  -0.036  0.156  0.846   0.007  0.019  0.399
 2.361  6.436 -83.612   0.028  0.104 -0.988  -0.028  0.147  0.848   0.004  0.024  0.422
 2.352  6.411 -83.397   0.028  0.104 -0.988  -0.028  0.147  0.848   0.006  0.012  0.455
 2.372  6.392 -83.006   0.048  0.104 -0.988  -0.028  0.147  0.848   0.008  0.012  0.475
 2.361  6.381 -82.680   0.036  0.104 -0.980  -0.026  0.159  0.855  -0.000  0.003  0.492
 2.142  6.542 -82.367   0.048  0.108 -0.988  -0.026  0.159  0.855  -0.164 -0.171  0.391
 1.657  6.665 -82.122   0.060  0.124 -1.004  -0.026  0.159  0.855  -0.138 -0.427  0.251
 1.101  6.774 -81.980   0.068  0.148 -1.012  -0.026  0.159  0.855  -0.097 -0.516  0.130
 0.613  6.828 -81.765   0.052  0.168 -1.020   0.013  0.147  0.850  -0.005 -0.428  0.037
 0.407  6.702 -81.784   0.012  0.176 -0.996   0.013  0.147  0.850   0.198 -0.181  0.097
 0.801  6.519 -81.844  -0.008  0.152 -0.984   0.013  0.147  0.850   0.282  0.347  0.231
 0.951  6.417 -81.721  -0.016  0.120 -0.984   0.031  0.159  0.852   0.127  0.190  0.279
 1.016  6.464 -81.537  -0.008  0.108 -0.992   0.031  0.159  0.852  -0.033  0.132  0.268
 0.969  6.559 -81.315   0.008  0.104 -1.004   0.031  0.159  0.852  -0.099  0.025  0.185
 0.929  6.627 -81.191   0.024  0.124 -0.996   0.016  0.162  0.852  -0.038 -0.010  0.145
 0.907  6.597 -81.196   0.008  0.140 -0.992   0.016  0.162  0.852   0.077  0.010  0.146
 0.909  6.492 -81.225   0.004  0.140 -0.992   0.016  0.162  0.852   0.145  0.024  0.152
 0.863  6.404 -81.201   0.000  0.124 -0.968   0.016  0.162  0.852   0.102 -0.009  0.212
 0.802  6.370 -80.968   0.008  0.096 -0.972   0.026  0.165  0.852   0.001 -0.014  0.245
 0.711  6.497 -80.719   0.016  0.096 -0.964   0.026  0.165  0.852  -0.138 -0.031  0.209
 0.682  6.596 -80.557   0.012  0.100 -0.968   0.026  0.165  0.852  -0.104  0.022  0.179
 0.754  6.646 -80.371   0.012  0.112 -0.956   0.028  0.145  0.855  -0.021  0.100  0.176
 0.872  6.647 -80.179   0.016  0.124 -0.952   0.028  0.145  0.855   0.051  0.132  0.187
 1.007  6.619 -79.873   0.024  0.128 -0.972   0.028  0.145  0.855   0.081  0.131  0.233
 1.060  6.640 -79.684   0.028  0.120 -0.980   0.021  0.168  0.853   0.012  0.061  0.192
 1.070  6.653 -79.504   0.036  0.112 -0.984   0.021  0.168  0.853  -0.003  0.018  0.135
 1.094  6.693 -79.370   0.040  0.112 -0.992   0.021  0.168  0.853  -0.026  0.030  0.079
 1.112  6.725 -79.289   0.036  0.120 -1.000   0.021  0.159  0.850  -0.008  0.032  0.060
 1.158  6.723 -79.137   0.044  0.132 -0.988   0.021  0.159  0.850   0.053  0.038  0.093
 1.167  6.718 -78.977   0.036  0.124 -0.992   0.021  0.159  0.850   0.031  0.018  0.141
 1.160  6.742 -78.830   0.040  0.128 -0.992   0.021  0.159  0.850   0.013  0.005  0.114
 1.140  6.750 -78.640   0.044  0.124 -0.984   0.031  0.156  0.848   0.023 -0.005  0.047
 1.110  6.742 -78.522   0.036  0.116 -0.992   0.031  0.156  0.848   0.014 -0.005  0.026
 1.086  6.758 -78.324   0.044  0.120 -0.992   0.031  0.156  0.848   0.004 -0.008  0.057
 1.066  6.745 -78.274   0.032  0.112 -0.992   0.021  0.150  0.852   0.008 -0.001  0.068
 1.075  6.730 -78.217   0.032  0.112 -0.996   0.021  0.150  0.852   0.014  0.022  0.079
 1.044  6.692 -78.203   0.028  0.108 -0.988   0.021  0.150  0.852   0.020 -0.010  0.060
 1.011  6.681 -78.155   0.036  0.116 -0.992   0.021  0.150  0.852   0.015 -0.020  0.048
 1.048  6.342 -78.083   0.040  0.124 -0.996   0.031  0.168  0.848   0.325 -0.021  0.016
 0.995  6.354 -78.056   0.032  0.116 -0.980   0.031  0.168  0.848   0.007 -0.025  0.008
 0.923  6.389 -78.006   0.028  0.112 -0.988   0.031  0.168  0.848  -0.027 -0.032  0.046
 0.853  6.404 -77.887   0.020  0.108 -0.980   0.039  0.147  0.857  -0.016 -0.016  0.063
 0.800  6.442 -77.692   0.028  0.116 -0.984   0.039  0.147  0.857  -0.018 -0.010  0.093
 0.780  6.470 -77.530   0.028  0.116 -0.980   0.039  0.147  0.857  -0.002  0.014  0.068
 0.791  6.507 -77.554   0.032  0.112 -0.968   0.021  0.156  0.850  -0.016  0.019  0.040
 0.781  6.527 -77.588   0.032  0.112 -0.968   0.021  0.156  0.850  -0.007 -0.001  0.029
 0.754  6.534 -77.582   0.032  0.112 -0.972   0.021  0.156  0.850  -0.000 -0.017  0.060
 0.725  6.531 -77.668   0.016  0.112 -0.972   0.021  0.156  0.850   0.006 -0.000  0.091
 0.737  6.521 -77.553   0.024  0.112 -0.960   0.036  0.156  0.848   0.025  0.033  0.087
 0.769  6.476 -77.399   0.028  0.108 -0.964   0.036  0.156  0.848   0.052  0.039  0.099
 0.800  6.445 -77.165   0.036  0.112 -0.972   0.036  0.156  0.848   0.050  0.030  0.130
 0.798  6.413 -76.951   0.040  0.104 -0.984   0.034  0.159  0.859   0.028 -0.003  0.102
 0.756  6.381 -76.916   0.024  0.104 -0.992   0.034  0.159  0.859   0.015 -0.015  0.056
 0.712  6.358 -76.920   0.020  0.104 -0.992   0.034  0.159  0.859   0.007 -0.011  0.048
 0.732  6.335 -76.989   0.016  0.092 -0.996   0.026  0.165  0.855  -0.007  0.041  0.079
 0.771  6.350 -77.002   0.020  0.096 -0.992   0.026  0.165  0.855  -0.025  0.058  0.104
 0.809  6.376 -76.911   0.036  0.100 -0.996   0.026  0.165  0.855  -0.025  0.040  0.095
 0.804  6.422 -76.769   0.036  0.104 -0.992   0.031  0.159  0.848  -0.041  0.014  0.095
 0.798  6.478 -76.720   0.028  0.120 -1.000   0.031  0.159  0.848  -0.024  0.023  0.093
 0.808  6.513 -76.659   0.032  0.120 -0.988   0.031  0.159  0.848  -0.000  0.027  0.082
 0.819  6.518 -76.588   0.036  0.120 -0.992   0.031  0.159  0.848   0.024  0.018  0.068
 0.864  6.530 -76.523   0.040  0.116 -0.996   0.026  0.156  0.850   0.015  0.040  0.071
 0.881  6.529 -76.492   0.036  0.108 -0.984   0.026  0.156  0.850   0.007  0.021  0.053
 0.885  6.531 -76.497   0.032  0.112 -0.996   0.026  0.156  0.850   0.007  0.017  0.056
 0.929  6.528 -76.518   0.036  0.104 -0.992   0.023  0.176  0.848   0.002  0.038  0.059
 0.986  6.502 -76.464   0.044  0.096 -0.996   0.023  0.176  0.848   0.009  0.036  0.062
 0.998  6.487 -76.374   0.048  0.100 -0.988   0.023  0.176  0.848   0.004 -0.003  0.070
 0.947  6.502 -76.200   0.044  0.104 -0.976   0.031  0.153  0.850  -0.020 -0.034  0.073
 0.891  6.520 -76.158   0.032  0.116 -0.976   0.031  0.153  0.850  -0.003 -0.023  0.060
 0.871  6.522 -76.114   0.028  0.112 -0.984   0.031  0.153  0.850   0.006  0.006  0.088
 0.848  6.539 -76.030   0.032  0.112 -0.988   0.031  0.153  0.850  -0.008  0.001  0.098
 0.770  6.549 -75.974   0.032  0.112 -0.968   0.034  0.156  0.850  -0.009 -0.044  0.054
 0.678  6.583 -76.097   0.012  0.112 -0.960   0.034  0.156  0.850  -0.032 -0.027  0.038
 0.645  6.631 -76.210   0.012  0.120 -0.968   0.034  0.156  0.850  -0.020  0.019  0.057
 0.643  6.680 -76.176   0.024  0.128 -0.980   0.039  0.168  0.853  -0.004  0.029  0.092
 0.639  6.674 -76.116   0.028  0.120 -0.988   0.039  0.168  0.853   0.024  0.013  0.079
 0.608  6.667 -76.123   0.024  0.124 -0.984   0.039  0.168  0.853   0.028 -0.004  0.052
 0.592  6.692 -76.106   0.028  0.120 -0.996   0.034  0.147  0.852  -0.005  0.008  0.047
 0.981  6.783 -76.113   0.028  0.108 -0.988   0.034  0.147  0.852  -0.002  0.348  0.048
 1.025  6.803 -76.091   0.024  0.104 -0.980   0.034  0.147  0.852  -0.019  0.079  0.063
 1.070  6.872 -76.031   0.040  0.116 -0.980   0.028  0.156  0.855  -0.033  0.060  0.062
 1.074  6.931 -75.982   0.044  0.124 -0.980   0.028  0.156  0.855  -0.019  0.021  0.038
 1.044  6.972 -75.898   0.048  0.128 -0.976   0.028  0.156  0.855  -0.003 -0.016  0.047
 1.001  7.007 -75.952   0.028  0.132 -0.976   0.028  0.156  0.855  -0.002 -0.005  0.060
 1.016  7.046 -76.106   0.024  0.124 -0.996   0.023  0.188  0.844  -0.016  0.041  0.073
 1.015  7.075 -76.204   0.036  0.120 -0.988   0.023  0.188  0.844  -0.018  0.012  0.040
 0.985  7.065 -76.359   0.032  0.112 -0.980   0.023  0.188  0.844  -0.007 -0.012  0.001
 0.968  7.049 -76.477   0.024  0.112 -0.972   0.028  0.165  0.846   0.003  0.013  0.008
 0.985  7.087 -76.587   0.020  0.120 -0.968   0.028  0.165  0.846  -0.016  0.054  0.049
 0.972  7.097 -76.557   0.036  0.112 -0.976   0.028  0.165  0.846  -0.016  0.006  0.049
 0.931  7.124 -76.607   0.032  0.120 -0.976   0.026  0.162  0.853  -0.022 -0.012  0.027
 0.942  7.123 -76.716   0.024  0.116 -0.988   0.026  0.162  0.853  -0.002  0.035  0.030
 0.944  7.112 -76.866   0.016  0.120 -0.984   0.026  0.162  0.853   0.012  0.036  0.047
 0.941  7.096 -76.920   0.032  0.116 -0.992   0.023  0.168  0.850   0.008  0.008  0.042
 0.931  7.083 -76.946   0.036  0.108 -0.992   0.023  0.168  0.850  -0.010 -0.000  0.026
 0.935  7.079 -76.935   0.040  0.100 -0.996   0.023  0.168  0.850  -0.030  0.008  0.023
 0.924  7.072 -76.952   0.032  0.100 -0.992   0.026  0.168  0.848  -0.031  0.008  0.030
 0.906  7.061 -76.986   0.028  0.112 -0.984   0.026  0.168  0.848  -0.004  0.005  0.056
 0.859  6.995 -76.965   0.028  0.100 -0.988   0.026  0.168  0.848   0.013 -0.031  0.082
 0.805  6.956 -77.027   0.020  0.108 -0.972   0.026  0.168  0.848   0.008 -0.022  0.074
 0.802  6.982 -77.048   0.028  0.116 -0.976   0.023  0.156  0.859  -0.019  0.017  0.071
 0.815  7.038 -77.015   0.040  0.120 -0.984   0.023  0.156  0.859  -0.032  0.021  0.046
 0.830  7.075 -76.985   0.044  0.120 -0.984   0.023  0.156  0.859  -0.019  0.014  0.020
 0.825  7.064 -76.932   0.044  0.116 -0.988   0.028  0.171  0.852   0.009 -0.009  0.023
 0.794  7.028 -76.883   0.040  0.120 -0.984   0.028  0.171  0.852   0.033 -0.031  0.048
 0.690  7.355 -76.855   0.036  0.120 -1.000   0.028  0.171  0.852  -0.294 -0.016  0.047
 0.639  7.306 -76.902   0.024  0.112 -0.988   0.028  0.159  0.852   0.011 -0.028  0.036
 0.596  7.260 -76.926   0.028  0.108 -0.984   0.028  0.159  0.852   0.004 -0.028  0.023
 0.573  7.238 -76.967   0.024  0.112 -0.980   0.028  0.159  0.852  -0.003 -0.004  0.041
 0.577  7.199 -77.060   0.016  0.116 -0.992   0.028  0.159  0.852   0.022  0.024  0.053
 0.567  7.192 -77.112   0.024  0.120 -1.004   0.028  0.176  0.857  -0.002  0.006  0.060
 0.506  7.190 -77.154   0.024  0.116 -0.988   0.028  0.176  0.857  -0.020 -0.037  0.057
 0.483  7.197 -77.179   0.024  0.116 -0.988   0.028  0.176  0.857  -0.020 -0.004  0.075
 0.506  7.241 -77.133   0.032  0.128 -0.988   0.031  0.171  0.848  -0.018  0.030  0.081
 0.514  7.251 -76.995   0.040  0.116 -0.988   0.031  0.171  0.848  -0.015  0.005  0.098
 0.469  7.266 -76.854   0.040  0.116 -0.992   0.031  0.171  0.848  -0.031 -0.038  0.099
 0.433  7.335 -76.698   0.044  0.132 -0.996   0.034  0.153  0.855  -0.043 -0.023  0.070
 0.363  7.379 -76.583   0.040  0.132 -1.004   0.034  0.153  0.855  -0.035 -0.052  0.060
 0.283  7.353 -76.449   0.040  0.116 -0.992   0.034  0.153  0.855  -0.007 -0.073  0.052
 0.193  7.349 -76.340   0.040  0.128 -0.992   0.034  0.153  0.855  -0.004 -0.083  0.054
 0.130  7.346 -76.307   0.028  0.128 -0.988   0.039  0.173  0.861  -0.002 -0.048  0.063
 0.095  7.374 -76.299   0.028  0.132 -0.992   0.039  0.173  0.861  -0.016 -0.021  0.051
 0.049  7.364 -76.206   0.040  0.124 -0.988   0.039  0.173  0.861   0.001 -0.053  0.043
-0.062  7.334 -76.072   0.028  0.120 -0.976   0.044  0.150  0.853  -0.002 -0.088  0.063
-0.148  7.283 -75.975   0.020  0.108 -0.980   0.044  0.150  0.853  -0.004 -0.064  0.069
-0.180  7.307 -75.890   0.024  0.128 -0.976   0.044  0.150  0.853  -0.014 -0.015  0.074
-0.230  7.305 -75.703   0.020  0.124 -0.976   0.057  0.139  0.853  -0.003 -0.015  0.065
-0.339  7.271 -75.485   0.024  0.128 -0.988   0.057  0.139  0.853   0.017 -0.078  0.073
-0.473  7.249 -75.340   0.016  0.128 -0.980   0.057  0.139  0.853   0.001 -0.092  0.065
-0.569  7.272 -75.323   0.004  0.136 -0.980   0.057  0.139  0.853  -0.014 -0.042  0.053
-0.604  7.310 -75.336   0.004  0.132 -0.976   0.057  0.145  0.863  -0.022  0.010  0.040
-0.627  7.334 -75.355   0.004  0.128 -0.976   0.057  0.145  0.863  -0.018  0.016  0.030
-0.690  7.354 -75.311   0.012  0.140 -0.976   0.057  0.145  0.863   0.001 -0.031  0.047
-0.744  7.369 -75.265   0.016  0.144 -0.968   0.059  0.162  0.853   0.017 -0.034  0.045
-0.790  7.359 -75.356   0.000  0.136 -0.964   0.059  0.162  0.853   0.022 -0.014  0.010
-0.806  7.379 -75.471  -0.004  0.132 -0.968   0.059  0.162  0.853  -0.005  0.023  0.009
-0.833  7.420 -75.407   0.004  0.140 -0.988   0.070  0.145  0.853  -0.015  0.021  0.018
-0.876  7.448 -75.355   0.004  0.140 -0.976   0.070  0.145  0.853  -0.005  0.003  0.010
-0.909  7.471 -75.424  -0.012  0.132 -0.980   0.070  0.145  0.853  -0.019  0.030 -0.007
-0.893  7.519 -75.488  -0.008  0.140 -0.976   0.070  0.145  0.853  -0.013  0.069 -0.012
-0.822  7.577 -75.577   0.000  0.144 -0.976   0.057  0.147  0.865  -0.002  0.091  0.029
-0.757  7.624 -75.609   0.000  0.144 -0.984   0.057  0.147  0.865   0.001  0.090  0.069
-0.733  7.635 -75.642   0.004  0.144 -0.988   0.057  0.147  0.865   0.020  0.046  0.038
-0.771  7.569 -75.692   0.008  0.136 -0.980   0.057  0.147  0.850   0.058 -0.025 -0.023
-0.773  7.484 -75.881  -0.016  0.124 -0.980   0.057  0.147  0.850   0.061  0.032 -0.003
-0.689  7.441 -75.902  -0.004  0.116 -0.984   0.057  0.147  0.850   0.028  0.099  0.057
-0.563  7.417 -75.781   0.020  0.112 -0.996   0.049  0.142  0.855   0.014  0.107  0.065
-0.569  7.401 -75.577   0.036  0.116 -1.000   0.049  0.142  0.855  -0.008 -0.019  0.031
-0.676  7.356 -75.446   0.032  0.120 -0.992   0.049  0.142  0.855   0.003 -0.105 -0.003
-0.775  7.283 -75.467   0.012  0.112 -1.000   0.049  0.142  0.855   0.008 -0.083 -0.014
-0.789  7.229 -75.462   0.012  0.112 -0.996   0.049  0.150  0.857   0.013 -0.014  0.035
-0.795  7.235 -75.415   0.016  0.132 -0.992   0.049  0.150  0.857   0.007 -0.004  0.076
-0.851  7.219 -75.376   0.024  0.140 -0.988   0.049  0.150  0.857   0.031 -0.062  0.030
-0.949  7.140 -75.317   0.020  0.128 -0.984   0.054  0.147  0.853   0.053 -0.100  0.007
-1.007  7.094 -75.305   0.016  0.128 -0.984   0.054  0.147  0.853   0.035 -0.059 -0.003
-1.021  7.065 -75.291   0.016  0.132 -0.984   0.054  0.147  0.853   0.040 -0.022  0.010
-1.032  7.054 -75.176   0.016  0.124 -0.984   0.065  0.153  0.863   0.011 -0.006  0.025
-1.058  7.009 -74.925   0.028  0.104 -0.988   0.065  0.153  0.863  -0.002 -0.039  0.030
-1.161  6.955 -74.723   0.032  0.108 -0.980   0.065  0.153  0.863   0.001 -0.113 -0.028
-1.306  6.883 -74.654   0.020  0.116 -0.988   0.065  0.153  0.863   0.018 -0.142 -0.051
-1.442  6.803 -74.700   0.012  0.116 -0.980   0.057  0.156  0.861   0.028 -0.139 -0.035
-1.526  6.713 -74.662   0.016  0.112 -0.980   0.057  0.156  0.861   0.042 -0.108  0.009
-1.593  6.655 -74.670   0.004  0.112 -0.968   0.057  0.156  0.861   0.023 -0.075  0.052
-1.633  6.650 -74.401   0.016  0.120 -0.964   0.080  0.147  0.855   0.006 -0.038  0.048
-1.719  6.689 -74.273   0.000  0.132 -0.968   0.080  0.147  0.855  -0.018 -0.045  0.046
-1.838  6.675 -74.251  -0.012  0.132 -0.964   0.080  0.147  0.855   0.015 -0.071  0.035
-1.914  6.579 -74.182  -0.012  0.128 -0.956   0.085  0.142  0.861   0.084 -0.053  0.027
-1.966  6.478 -74.136  -0.016  0.116 -0.956   0.085  0.142  0.861   0.075 -0.034  0.019
-1.993  6.387 -74.082  -0.008  0.116 -0.940   0.085  0.142  0.861   0.079 -0.023 -0.019
-1.996  6.297 -74.163  -0.012  0.100 -0.952   0.080  0.162  0.863   0.047 -0.005 -0.054
-1.941  6.226 -74.206  -0.012  0.092 -0.956   0.080  0.162  0.863   0.030  0.046 -0.035
-1.850  6.214 -74.312  -0.020  0.108 -0.956   0.080  0.162  0.863   0.030  0.100 -0.009
-1.745  6.221 -74.280  -0.008  0.116 -0.952   0.080  0.162  0.863   0.034  0.098  0.043
-1.713  6.161 -74.207  -0.012  0.108 -0.964   0.083  0.159  0.850   0.053  0.038  0.053
